生成启动时间为 2017/3/22 19:21:15。
     1>项目“D:\Workspace\lava\lavadetector\lavadetector\lavadetector.vcxproj”在节点 2 上(build 个目标)。
     1>InitializeBuildStatus:
         正在创建“Debug\lavadetector.unsuccessfulbuild”，因为已指定“AlwaysCreate”。
       ClCompile:
         d:\Software\vs2010\VC\bin\CL.exe /c /ZI /nologo /W3 /WX- /Od /Oy- /D WIN32 /D _DEBUG /D _CONSOLE /D _UNICODE /D UNICODE /Gm /EHsc /RTC1 /MDd /GS /fp:precise /Zc:wchar_t /Zc:forScope /Fo"Debug\\" /Fd"Debug\vc100.pdb" /Gd /TP /analyze- /errorReport:prompt lavaDetector.cpp
         lavaDetector.cpp
     1>d:\workspace\lava\lavadetector\lavadetector\lavadetector.cpp(90): warning C4244: “+=”: 从“double”转换到“long”，可能丢失数据
     1>d:\workspace\lava\lavadetector\lavadetector\lavadetector.cpp(879): warning C4244: “=”: 从“double”转换到“int”，可能丢失数据
     1>d:\workspace\lava\lavadetector\lavadetector\lavadetector.cpp(942): warning C4244: “=”: 从“double”转换到“int”，可能丢失数据
       ManifestResourceCompile:
         所有输出均为最新。
       Link:
         d:\Software\vs2010\VC\bin\link.exe /ERRORREPORT:PROMPT /OUT:"D:\Workspace\lava\lavadetector\Debug\lavadetector.exe" /INCREMENTAL /NOLOGO opencv_calib3d244d.lib opencv_contrib244d.lib opencv_core244d.lib opencv_features2d244d.lib opencv_flann244d.lib opencv_gpu244d.lib opencv_highgui244d.lib opencv_imgproc244d.lib opencv_legacy244d.lib opencv_ml244d.lib opencv_objdetect244d.lib opencv_ts244d.lib opencv_video244d.lib opencv_calib3d244.lib opencv_contrib244.lib opencv_core244.lib opencv_features2d244.lib opencv_flann244.lib opencv_gpu244.lib opencv_highgui244.lib opencv_imgproc244.lib opencv_legacy244.lib opencv_ml244.lib opencv_objdetect244.lib opencv_ts244.lib opencv_video244.lib opencv_nonfree244d.lib opencv_nonfree244.lib kernel32.lib user32.lib gdi32.lib winspool.lib comdlg32.lib advapi32.lib shell32.lib ole32.lib oleaut32.lib uuid.lib odbc32.lib odbccp32.lib /MANIFEST /ManifestFile:"Debug\lavadetector.exe.intermediate.manifest" /MANIFESTUAC:"level='asInvoker' uiAccess='false'" /DEBUG /PDB:"D:\Workspace\lava\lavadetector\Debug\lavadetector.pdb" /SUBSYSTEM:CONSOLE /TLBID:1 /DYNAMICBASE /NXCOMPAT /IMPLIB:"D:\Workspace\lava\lavadetector\Debug\lavadetector.lib" /MACHINE:X86 Debug\lavadetector.exe.embed.manifest.res
         Debug\lavaDetector.obj
         Debug\main.obj
       Manifest:
         C:\Program Files (x86)\Microsoft SDKs\Windows\v7.0A\bin\mt.exe /nologo /verbose /out:"Debug\lavadetector.exe.embed.manifest" /manifest Debug\lavadetector.exe.intermediate.manifest
         所有输出均为最新。
       LinkEmbedManifest:
         所有输出均为最新。
         lavadetector.vcxproj -> D:\Workspace\lava\lavadetector\Debug\lavadetector.exe
       FinalizeBuildStatus:
         正在删除文件“Debug\lavadetector.unsuccessfulbuild”。
         正在对“Debug\lavadetector.lastbuildstate”执行 Touch 任务。
     1>已完成生成项目“D:\Workspace\lava\lavadetector\lavadetector\lavadetector.vcxproj”(build 个目标)的操作。

生成成功。

已用时间 00:00:02.56
