D:\WORKSPACE\LAVA\LAVADETECTOR\DEBUG\LAVADETECTOR.EXE
D:\WORKSPACE\LAVA\LAVADETECTOR\DEBUG\LAVADETECTOR.ILK
D:\WORKSPACE\LAVA\LAVADETECTOR\DEBUG\LAVADETECTOR.PDB
D:\Workspace\lava\lavadetector\lavadetector\Debug\cl.command.1.tlog
D:\Workspace\lava\lavadetector\lavadetector\Debug\CL.read.1.tlog
D:\Workspace\lava\lavadetector\lavadetector\Debug\CL.write.1.tlog
D:\Workspace\lava\lavadetector\lavadetector\Debug\lavadetector.exe.embed.manifest
D:\WORKSPACE\LAVA\LAVADETECTOR\LAVADETECTOR\DEBUG\LAVADETECTOR.EXE.EMBED.MANIFEST.RES
D:\WORKSPACE\LAVA\LAVADETECTOR\LAVADETECTOR\DEBUG\LAVADETECTOR.EXE.INTERMEDIATE.MANIFEST
D:\WORKSPACE\LAVA\LAVADETECTOR\LAVADETECTOR\DEBUG\LAVADETECTOR.OBJ
D:\Workspace\lava\lavadetector\lavadetector\Debug\lavadetector.vcxprojResolveAssemblyReference.cache
D:\Workspace\lava\lavadetector\lavadetector\Debug\lavadetector.write.1.tlog
D:\Workspace\lava\lavadetector\lavadetector\Debug\lavadetector_manifest.rc
D:\Workspace\lava\lavadetector\lavadetector\Debug\link.11372.read.1.tlog
D:\Workspace\lava\lavadetector\lavadetector\Debug\link.11372.write.1.tlog
D:\Workspace\lava\lavadetector\lavadetector\Debug\link.11372-cvtres.read.1.tlog
D:\Workspace\lava\lavadetector\lavadetector\Debug\link.11372-cvtres.write.1.tlog
D:\Workspace\lava\lavadetector\lavadetector\Debug\link.12216.read.1.tlog
D:\Workspace\lava\lavadetector\lavadetector\Debug\link.12216.write.1.tlog
D:\Workspace\lava\lavadetector\lavadetector\Debug\link.12216-cvtres.read.1.tlog
D:\Workspace\lava\lavadetector\lavadetector\Debug\link.12216-cvtres.write.1.tlog
D:\Workspace\lava\lavadetector\lavadetector\Debug\link.12888.read.1.tlog
D:\Workspace\lava\lavadetector\lavadetector\Debug\link.12888.write.1.tlog
D:\Workspace\lava\lavadetector\lavadetector\Debug\link.12888-cvtres.read.1.tlog
D:\Workspace\lava\lavadetector\lavadetector\Debug\link.12888-cvtres.write.1.tlog
D:\Workspace\lava\lavadetector\lavadetector\Debug\link.13780.read.1.tlog
D:\Workspace\lava\lavadetector\lavadetector\Debug\link.13780.write.1.tlog
D:\Workspace\lava\lavadetector\lavadetector\Debug\link.13780-cvtres.read.1.tlog
D:\Workspace\lava\lavadetector\lavadetector\Debug\link.13780-cvtres.write.1.tlog
D:\Workspace\lava\lavadetector\lavadetector\Debug\link.15236.read.1.tlog
D:\Workspace\lava\lavadetector\lavadetector\Debug\link.15236.write.1.tlog
D:\Workspace\lava\lavadetector\lavadetector\Debug\link.15236-cvtres.read.1.tlog
D:\Workspace\lava\lavadetector\lavadetector\Debug\link.15236-cvtres.write.1.tlog
D:\Workspace\lava\lavadetector\lavadetector\Debug\link.16224.read.1.tlog
D:\Workspace\lava\lavadetector\lavadetector\Debug\link.16224.write.1.tlog
D:\Workspace\lava\lavadetector\lavadetector\Debug\link.16224-cvtres.read.1.tlog
D:\Workspace\lava\lavadetector\lavadetector\Debug\link.16224-cvtres.write.1.tlog
D:\Workspace\lava\lavadetector\lavadetector\Debug\link.17448.read.1.tlog
D:\Workspace\lava\lavadetector\lavadetector\Debug\link.17448.write.1.tlog
D:\Workspace\lava\lavadetector\lavadetector\Debug\link.17448-cvtres.read.1.tlog
D:\Workspace\lava\lavadetector\lavadetector\Debug\link.17448-cvtres.write.1.tlog
D:\Workspace\lava\lavadetector\lavadetector\Debug\link.19256.read.1.tlog
D:\Workspace\lava\lavadetector\lavadetector\Debug\link.19256.write.1.tlog
D:\Workspace\lava\lavadetector\lavadetector\Debug\link.19256-cvtres.read.1.tlog
D:\Workspace\lava\lavadetector\lavadetector\Debug\link.19256-cvtres.write.1.tlog
D:\Workspace\lava\lavadetector\lavadetector\Debug\link.20020.read.1.tlog
D:\Workspace\lava\lavadetector\lavadetector\Debug\link.20020.write.1.tlog
D:\Workspace\lava\lavadetector\lavadetector\Debug\link.20020-cvtres.read.1.tlog
D:\Workspace\lava\lavadetector\lavadetector\Debug\link.20020-cvtres.write.1.tlog
D:\Workspace\lava\lavadetector\lavadetector\Debug\link.23124.read.1.tlog
D:\Workspace\lava\lavadetector\lavadetector\Debug\link.23124.write.1.tlog
D:\Workspace\lava\lavadetector\lavadetector\Debug\link.23124-cvtres.read.1.tlog
D:\Workspace\lava\lavadetector\lavadetector\Debug\link.23124-cvtres.write.1.tlog
D:\Workspace\lava\lavadetector\lavadetector\Debug\link.23136.read.1.tlog
D:\Workspace\lava\lavadetector\lavadetector\Debug\link.23136.write.1.tlog
D:\Workspace\lava\lavadetector\lavadetector\Debug\link.23136-cvtres.read.1.tlog
D:\Workspace\lava\lavadetector\lavadetector\Debug\link.23136-cvtres.write.1.tlog
D:\Workspace\lava\lavadetector\lavadetector\Debug\link.23224.read.1.tlog
D:\Workspace\lava\lavadetector\lavadetector\Debug\link.23224.write.1.tlog
D:\Workspace\lava\lavadetector\lavadetector\Debug\link.23224-cvtres.read.1.tlog
D:\Workspace\lava\lavadetector\lavadetector\Debug\link.23224-cvtres.write.1.tlog
D:\Workspace\lava\lavadetector\lavadetector\Debug\link.23428.read.1.tlog
D:\Workspace\lava\lavadetector\lavadetector\Debug\link.23428.write.1.tlog
D:\Workspace\lava\lavadetector\lavadetector\Debug\link.23428-cvtres.read.1.tlog
D:\Workspace\lava\lavadetector\lavadetector\Debug\link.23428-cvtres.write.1.tlog
D:\Workspace\lava\lavadetector\lavadetector\Debug\link.24140.read.1.tlog
D:\Workspace\lava\lavadetector\lavadetector\Debug\link.24140.write.1.tlog
D:\Workspace\lava\lavadetector\lavadetector\Debug\link.24140-cvtres.read.1.tlog
D:\Workspace\lava\lavadetector\lavadetector\Debug\link.24140-cvtres.write.1.tlog
D:\Workspace\lava\lavadetector\lavadetector\Debug\link.24940.read.1.tlog
D:\Workspace\lava\lavadetector\lavadetector\Debug\link.24940.write.1.tlog
D:\Workspace\lava\lavadetector\lavadetector\Debug\link.24940-cvtres.read.1.tlog
D:\Workspace\lava\lavadetector\lavadetector\Debug\link.24940-cvtres.write.1.tlog
D:\Workspace\lava\lavadetector\lavadetector\Debug\link.26008.read.1.tlog
D:\Workspace\lava\lavadetector\lavadetector\Debug\link.26008.write.1.tlog
D:\Workspace\lava\lavadetector\lavadetector\Debug\link.26008-cvtres.read.1.tlog
D:\Workspace\lava\lavadetector\lavadetector\Debug\link.26008-cvtres.write.1.tlog
D:\Workspace\lava\lavadetector\lavadetector\Debug\link.26108.read.1.tlog
D:\Workspace\lava\lavadetector\lavadetector\Debug\link.26108.write.1.tlog
D:\Workspace\lava\lavadetector\lavadetector\Debug\link.26108-cvtres.read.1.tlog
D:\Workspace\lava\lavadetector\lavadetector\Debug\link.26108-cvtres.write.1.tlog
D:\Workspace\lava\lavadetector\lavadetector\Debug\link.26672.read.1.tlog
D:\Workspace\lava\lavadetector\lavadetector\Debug\link.26672.write.1.tlog
D:\Workspace\lava\lavadetector\lavadetector\Debug\link.26672-cvtres.read.1.tlog
D:\Workspace\lava\lavadetector\lavadetector\Debug\link.26672-cvtres.write.1.tlog
D:\Workspace\lava\lavadetector\lavadetector\Debug\link.29460.read.1.tlog
D:\Workspace\lava\lavadetector\lavadetector\Debug\link.29460.write.1.tlog
D:\Workspace\lava\lavadetector\lavadetector\Debug\link.29460-cvtres.read.1.tlog
D:\Workspace\lava\lavadetector\lavadetector\Debug\link.29460-cvtres.write.1.tlog
D:\Workspace\lava\lavadetector\lavadetector\Debug\link.6816.read.1.tlog
D:\Workspace\lava\lavadetector\lavadetector\Debug\link.6816.write.1.tlog
D:\Workspace\lava\lavadetector\lavadetector\Debug\link.6816-cvtres.read.1.tlog
D:\Workspace\lava\lavadetector\lavadetector\Debug\link.6816-cvtres.write.1.tlog
D:\Workspace\lava\lavadetector\lavadetector\Debug\link.command.1.tlog
D:\Workspace\lava\lavadetector\lavadetector\Debug\link.read.1.tlog
D:\Workspace\lava\lavadetector\lavadetector\Debug\link.write.1.tlog
D:\Workspace\lava\lavadetector\lavadetector\Debug\link-cvtres.read.1.tlog
D:\Workspace\lava\lavadetector\lavadetector\Debug\link-cvtres.write.1.tlog
D:\Workspace\lava\lavadetector\lavadetector\Debug\main.obj
D:\Workspace\lava\lavadetector\lavadetector\Debug\mt.command.1.tlog
D:\Workspace\lava\lavadetector\lavadetector\Debug\mt.read.1.tlog
D:\Workspace\lava\lavadetector\lavadetector\Debug\mt.write.1.tlog
D:\Workspace\lava\lavadetector\lavadetector\Debug\rc.command.1.tlog
D:\Workspace\lava\lavadetector\lavadetector\Debug\rc.read.1.tlog
D:\Workspace\lava\lavadetector\lavadetector\Debug\rc.write.1.tlog
D:\Workspace\lava\lavadetector\lavadetector\Debug\vc100.idb
D:\WORKSPACE\LAVA\LAVADETECTOR\LAVADETECTOR\DEBUG\VC100.PDB
